\BOOKMARK [0][-]{chapter.1}{Introduction}{}% 1
\BOOKMARK [1][-]{section.1.1}{Motivation \046 Aims}{chapter.1}% 2
\BOOKMARK [1][-]{section.1.2}{Challenges}{chapter.1}% 3
\BOOKMARK [1][-]{section.1.3}{Related Work}{chapter.1}% 4
\BOOKMARK [0][-]{chapter.2}{Preparation}{}% 5
\BOOKMARK [1][-]{section.2.1}{Neural Networks}{chapter.2}% 6
\BOOKMARK [2][-]{subsection.2.1.1}{Introduction}{section.2.1}% 7
\BOOKMARK [2][-]{subsection.2.1.2}{Artificial Neurons}{section.2.1}% 8
\BOOKMARK [2][-]{subsection.2.1.3}{Training}{section.2.1}% 9
\BOOKMARK [2][-]{subsection.2.1.4}{Recurrent Neural Networks}{section.2.1}% 10
\BOOKMARK [2][-]{subsection.2.1.5}{Long Short-Term Memory Networks}{section.2.1}% 11
\BOOKMARK [1][-]{section.2.2}{Support Vector Machines}{chapter.2}% 12
\BOOKMARK [1][-]{section.2.3}{Naive Bayes}{chapter.2}% 13
\BOOKMARK [1][-]{section.2.4}{Financial Markets}{chapter.2}% 14
\BOOKMARK [1][-]{section.2.5}{Feature Extraction}{chapter.2}% 15
\BOOKMARK [1][-]{section.2.6}{Requirements Analysis}{chapter.2}% 16
\BOOKMARK [1][-]{section.2.7}{Choice of Tools}{chapter.2}% 17
\BOOKMARK [1][-]{section.2.8}{Starting Point}{chapter.2}% 18
\BOOKMARK [1][-]{section.2.9}{Implementation Approach}{chapter.2}% 19
\BOOKMARK [1][-]{section.2.10}{Software Engineering Techniques}{chapter.2}% 20
\BOOKMARK [1][-]{section.2.11}{Summary}{chapter.2}% 21
\BOOKMARK [0][-]{chapter.3}{Implementation}{}% 22
\BOOKMARK [1][-]{section.3.1}{Sentiment Analysis}{chapter.3}% 23
\BOOKMARK [2][-]{subsection.3.1.1}{Data}{section.3.1}% 24
\BOOKMARK [2][-]{subsection.3.1.2}{Features}{section.3.1}% 25
\BOOKMARK [2][-]{subsection.3.1.3}{Multinomial Naive Bayes}{section.3.1}% 26
\BOOKMARK [2][-]{subsection.3.1.4}{Gaussian Naive Bayes}{section.3.1}% 27
\BOOKMARK [2][-]{subsection.3.1.5}{Support Vector Machine}{section.3.1}% 28
\BOOKMARK [1][-]{section.3.2}{Price Prediction}{chapter.3}% 29
\BOOKMARK [2][-]{subsection.3.2.1}{Data}{section.3.2}% 30
\BOOKMARK [2][-]{subsection.3.2.2}{Long Short-Term Memory}{section.3.2}% 31
\BOOKMARK [0][-]{chapter.4}{Evaluation}{}% 32
\BOOKMARK [1][-]{section.4.1}{Overall Results}{chapter.4}% 33
\BOOKMARK [1][-]{section.4.2}{Hyperparameters}{chapter.4}% 34
\BOOKMARK [1][-]{section.4.3}{Testing}{chapter.4}% 35
\BOOKMARK [1][-]{section.4.4}{Sentiment Evaluation}{chapter.4}% 36
\BOOKMARK [1][-]{section.4.5}{Prediction Evaluation}{chapter.4}% 37
\BOOKMARK [1][-]{section.4.6}{Summary}{chapter.4}% 38
\BOOKMARK [0][-]{chapter.5}{Conclusion}{}% 39
\BOOKMARK [1][-]{section.5.1}{Results}{chapter.5}% 40
\BOOKMARK [1][-]{section.5.2}{Lessons Learned}{chapter.5}% 41
\BOOKMARK [1][-]{section.5.3}{Further Work}{chapter.5}% 42
\BOOKMARK [0][-]{section.5.3}{Bibliography}{}% 43
\BOOKMARK [0][-]{appendix.A}{Latex source}{}% 44
\BOOKMARK [0][-]{appendix.B}{Project Proposal}{}% 45
